<?xml version="1.0" encoding="UTF-8"?>
<testng-results ignored="0" total="1" passed="1" failed="0" skipped="0">
  <reporter-output>
  </reporter-output>
  <suite started-at="2024-03-11T18:51:03 GST" name="Default suite" finished-at="2024-03-11T18:51:10 GST" duration-ms="7032">
    <groups>
    </groups>
    <test started-at="2024-03-11T18:51:03 GST" name="Default test" finished-at="2024-03-11T18:51:10 GST" duration-ms="7032">
      <class name="testpackg.Fbcraeteaccounttest">
        <test-method is-config="true" signature="setup()[pri:0, instance:testpackg.Fbcraeteaccounttest@5e600dd5]" started-at="2024-03-11T18:51:03 GST" name="setup" finished-at="2024-03-11T18:51:07 GST" duration-ms="3731" status="PASS">
          <reporter-output>
          </reporter-output>
        </test-method> <!-- setup -->
        <test-method signature="test()[pri:0, instance:testpackg.Fbcraeteaccounttest@5e600dd5]" started-at="2024-03-11T18:51:07 GST" name="test" finished-at="2024-03-11T18:51:10 GST" duration-ms="3269" status="PASS">
          <reporter-output>
          </reporter-output>
        </test-method> <!-- test -->
      </class> <!-- testpackg.Fbcraeteaccounttest -->
    </test> <!-- Default test -->
  </suite> <!-- Default suite -->
</testng-results>
